<html>
<head>
<title>TestNG:  Test</title>
<link href="../testng.css" rel="stylesheet" type="text/css" />
<link href="../my-testng.css" rel="stylesheet" type="text/css" />

<style type="text/css">
.log { display: none;} 
.stack-trace { display: none;} 
</style>
<script type="text/javascript">
<!--
function flip(e) {
  current = e.style.display;
  if (current == 'block') {
    e.style.display = 'none';
    return 0;
  }
  else {
    e.style.display = 'block';
    return 1;
  }
}

function toggleBox(szDivId, elem, msg1, msg2)
{
  var res = -1;  if (document.getElementById) {
    res = flip(document.getElementById(szDivId));
  }
  else if (document.all) {
    // this is the way old msie versions work
    res = flip(document.all[szDivId]);
  }
  if(elem) {
    if(res == 0) elem.innerHTML = msg1; else elem.innerHTML = msg2;
  }

}

function toggleAllBoxes() {
  if (document.getElementsByTagName) {
    d = document.getElementsByTagName('div');
    for (i = 0; i < d.length; i++) {
      if (d[i].className == 'log') {
        flip(d[i]);
      }
    }
  }
}

// -->
</script>

</head>
<body>
<h2 align='center'>Test</h2><table border='1' align="center">
<tr>
<td>Tests passed/Failed/Skipped:</td><td>5/1/0</td>
</tr><tr>
<td>Started on:</td><td>Sat Aug 08 16:40:00 IST 2020</td>
</tr>
<tr><td>Total time:</td><td>3 seconds (3697 ms)</td>
</tr><tr>
<td>Included groups:</td><td></td>
</tr><tr>
<td>Excluded groups:</td><td></td>
</tr>
</table><p/>
<small><i>(Hover the method name to see the test class name)</i></small><p/>
<table width='100%' border='1' class='invocation-failed'>
<tr><td colspan='4' align='center'><b>FAILED TESTS</b></td></tr>
<tr><td><b>Test method</b></td>
<td width="30%"><b>Exception</b></td>
<td width="10%"><b>Time (seconds)</b></td>
<td><b>Instance</b></td>
</tr>
<tr>
<td title='org.testing.TestScripts.ReadNUpdateJsonFile.TC6()'><b>TC6</b><br>Test class: org.testing.TestScripts.ReadNUpdateJsonFile</td>
<td><div><pre>org.json.JSONException: JSONObject[&quot;options&quot;] not found.
	at org.json.JSONObject.get(JSONObject.java:572)
	at org.json.JSONObject.getJSONObject(JSONObject.java:782)
	at org.testing.utilities.jsonHandling.jsonHandler(jsonHandling.java:16)
	at org.testing.TestScripts.ReadNUpdateJsonFile.TC6(ReadNUpdateJsonFile.java:23)
... Removed 25 stack frames</pre></div><a href='#' onClick='toggleBox("stack-trace1198515856", this, "Click to show all stack frames", "Click to hide stack frames")'>Click to show all stack frames</a>
<div class='stack-trace' id='stack-trace1198515856'><pre>org.json.JSONException: JSONObject[&quot;options&quot;] not found.
	at org.json.JSONObject.get(JSONObject.java:572)
	at org.json.JSONObject.getJSONObject(JSONObject.java:782)
	at org.testing.utilities.jsonHandling.jsonHandler(jsonHandling.java:16)
	at org.testing.TestScripts.ReadNUpdateJsonFile.TC6(ReadNUpdateJsonFile.java:23)
	at java.base/jdk.internal.reflect.NativeMethodAccessorImpl.invoke0(Native Method)
	at java.base/jdk.internal.reflect.NativeMethodAccessorImpl.invoke(NativeMethodAccessorImpl.java:62)
	at java.base/jdk.internal.reflect.DelegatingMethodAccessorImpl.invoke(DelegatingMethodAccessorImpl.java:43)
	at java.base/java.lang.reflect.Method.invoke(Method.java:564)
	at org.testng.internal.MethodInvocationHelper.invokeMethod(MethodInvocationHelper.java:104)
	at org.testng.internal.Invoker.invokeMethod(Invoker.java:645)
	at org.testng.internal.Invoker.invokeTestMethod(Invoker.java:851)
	at org.testng.internal.Invoker.invokeTestMethods(Invoker.java:1177)
	at org.testng.internal.TestMethodWorker.invokeTestMethods(TestMethodWorker.java:129)
	at org.testng.internal.TestMethodWorker.run(TestMethodWorker.java:112)
	at org.testng.TestRunner.privateRun(TestRunner.java:756)
	at org.testng.TestRunner.run(TestRunner.java:610)
	at org.testng.SuiteRunner.runTest(SuiteRunner.java:387)
	at org.testng.SuiteRunner.runSequentially(SuiteRunner.java:382)
	at org.testng.SuiteRunner.privateRun(SuiteRunner.java:340)
	at org.testng.SuiteRunner.run(SuiteRunner.java:289)
	at org.testng.SuiteRunnerWorker.runSuite(SuiteRunnerWorker.java:52)
	at org.testng.SuiteRunnerWorker.run(SuiteRunnerWorker.java:86)
	at org.testng.TestNG.runSuitesSequentially(TestNG.java:1293)
	at org.testng.TestNG.runSuitesLocally(TestNG.java:1218)
	at org.testng.TestNG.runSuites(TestNG.java:1133)
	at org.testng.TestNG.run(TestNG.java:1104)
	at org.testng.remote.AbstractRemoteTestNG.run(AbstractRemoteTestNG.java:115)
	at org.testng.remote.RemoteTestNG.initAndRun(RemoteTestNG.java:251)
	at org.testng.remote.RemoteTestNG.main(RemoteTestNG.java:77)
</pre></div></td>
<td>0</td>
<td>org.testing.TestScripts.ReadNUpdateJsonFile@5b38c1ec</td></tr>
</table><p>
<table width='100%' border='1' class='invocation-passed'>
<tr><td colspan='4' align='center'><b>PASSED TESTS</b></td></tr>
<tr><td><b>Test method</b></td>
<td width="30%"><b>Exception</b></td>
<td width="10%"><b>Time (seconds)</b></td>
<td><b>Instance</b></td>
</tr>
<tr>
<td title='org.testing.TestScripts.PostRequestTC.TC1()'><b>TC1</b><br>Test class: org.testing.TestScripts.PostRequestTC</td>
<td></td>
<td>3</td>
<td>org.testing.TestScripts.PostRequestTC@2de56eb2</td></tr>
<tr>
<td title='org.testing.TestScripts.GetRequestTC.TC2()'><b>TC2</b><br>Test class: org.testing.TestScripts.GetRequestTC</td>
<td></td>
<td>0</td>
<td>org.testing.TestScripts.GetRequestTC@3cce5371</td></tr>
<tr>
<td title='org.testing.TestScripts.GetRequestWithQueryParameters.TC3()'><b>TC3</b><br>Test class: org.testing.TestScripts.GetRequestWithQueryParameters</td>
<td></td>
<td>0</td>
<td>org.testing.TestScripts.GetRequestWithQueryParameters@17bffc17</td></tr>
<tr>
<td title='org.testing.TestScripts.PutRequest.TC4()'><b>TC4</b><br>Test class: org.testing.TestScripts.PutRequest</td>
<td></td>
<td>0</td>
<td>org.testing.TestScripts.PutRequest@6e535154</td></tr>
<tr>
<td title='org.testing.TestScripts.DeleteRequest.TC5()'><b>TC5</b><br>Test class: org.testing.TestScripts.DeleteRequest</td>
<td></td>
<td>0</td>
<td>org.testing.TestScripts.DeleteRequest@15a34df2</td></tr>
</table><p>
</body>
</html>